{"/Users/mykhailoyatsenko/rs-school/rs-school/src/components/ItemArtPage.tsx": {"path":"/Users/mykhailoyatsenko/rs-school/rs-school/src/components/ItemArtPage.tsx","statementMap":{"0":{"start":{"line":1,"column":0},"end":{"line":1,"column":58}},"1":{"start":{"line":7,"column":20},"end":{"line":26,"column":1}},"2":{"start":{"line":8,"column":24},"end":{"line":8,"column":44}},"3":{"start":{"line":9,"column":2},"end":{"line":25,"column":4}},"4":{"start":{"line":28,"column":0},"end":{"line":28,"column":27}}},"fnMap":{"0":{"name":"(anonymous_0)","decl":{"start":{"line":7,"column":20},"end":{"line":7,"column":21}},"loc":{"start":{"line":7,"column":52},"end":{"line":26,"column":1}}}},"branchMap":{"0":{"loc":{"start":{"line":9,"column":9},"end":{"line":24,"column":null}},"type":"cond-expr","locations":[{"start":{"line":10,"column":4},"end":{"line":21,"column":null}},{"start":{"line":24,"column":4},"end":{"line":24,"column":36}}]}},"s":{"0":1,"1":1,"2":0,"3":0,"4":1},"f":{"0":0},"b":{"0":[0,0]}}
,"/Users/mykhailoyatsenko/rs-school/rs-school/src/components/ListOfArts.tsx": {"path":"/Users/mykhailoyatsenko/rs-school/rs-school/src/components/ListOfArts.tsx","statementMap":{"0":{"start":{"line":3,"column":0},"end":{"line":3,"column":42}},"1":{"start":{"line":4,"column":0},"end":{"line":4,"column":51}},"2":{"start":{"line":5,"column":0},"end":{"line":5,"column":58}},"3":{"start":{"line":13,"column":36},"end":{"line":57,"column":1}},"4":{"start":{"line":19,"column":25},"end":{"line":19,"column":42}},"5":{"start":{"line":20,"column":19},"end":{"line":20,"column":39}},"6":{"start":{"line":21,"column":2},"end":{"line":56,"column":4}},"7":{"start":{"line":35,"column":12},"end":{"line":37,"column":null}},"8":{"start":{"line":36,"column":29},"end":{"line":36,"column":79}},"9":{"start":{"line":59,"column":0},"end":{"line":59,"column":26}}},"fnMap":{"0":{"name":"(anonymous_0)","decl":{"start":{"line":13,"column":36},"end":{"line":13,"column":37}},"loc":{"start":{"line":18,"column":5},"end":{"line":57,"column":1}}},"1":{"name":"(anonymous_1)","decl":{"start":{"line":34,"column":20},"end":{"line":34,"column":21}},"loc":{"start":{"line":35,"column":12},"end":{"line":37,"column":null}}},"2":{"name":"(anonymous_2)","decl":{"start":{"line":36,"column":23},"end":{"line":36,"column":26}},"loc":{"start":{"line":36,"column":29},"end":{"line":36,"column":79}}}},"branchMap":{"0":{"loc":{"start":{"line":23,"column":7},"end":{"line":52,"column":null}},"type":"cond-expr","locations":[{"start":{"line":24,"column":8},"end":{"line":24,"column":40}},{"start":{"line":25,"column":10},"end":{"line":52,"column":null}}]},"1":{"loc":{"start":{"line":25,"column":10},"end":{"line":52,"column":null}},"type":"cond-expr","locations":[{"start":{"line":26,"column":8},"end":{"line":49,"column":null}},{"start":{"line":52,"column":8},"end":{"line":52,"column":32}}]},"2":{"loc":{"start":{"line":28,"column":12},"end":{"line":30,"column":27}},"type":"cond-expr","locations":[{"start":{"line":29,"column":16},"end":{"line":29,"column":37}},{"start":{"line":30,"column":16},"end":{"line":30,"column":27}}]}},"s":{"0":1,"1":1,"2":1,"3":1,"4":5,"5":5,"6":5,"7":10,"8":0,"9":1},"f":{"0":5,"1":10,"2":0},"b":{"0":[2,3],"1":[2,1],"2":[0,2]}}
,"/Users/mykhailoyatsenko/rs-school/rs-school/src/components/MakeError.tsx": {"path":"/Users/mykhailoyatsenko/rs-school/rs-school/src/components/MakeError.tsx","statementMap":{"0":{"start":{"line":1,"column":0},"end":{"line":1,"column":40}},"1":{"start":{"line":3,"column":18},"end":{"line":19,"column":1}},"2":{"start":{"line":4,"column":28},"end":{"line":4,"column":43}},"3":{"start":{"line":6,"column":21},"end":{"line":8,"column":3}},"4":{"start":{"line":7,"column":4},"end":{"line":7,"column":19}},"5":{"start":{"line":10,"column":2},"end":{"line":12,"column":null}},"6":{"start":{"line":11,"column":4},"end":{"line":11,"column":22}},"7":{"start":{"line":14,"column":2},"end":{"line":18,"column":4}},"8":{"start":{"line":21,"column":0},"end":{"line":21,"column":25}}},"fnMap":{"0":{"name":"(anonymous_0)","decl":{"start":{"line":3,"column":18},"end":{"line":3,"column":21}},"loc":{"start":{"line":3,"column":23},"end":{"line":19,"column":1}}},"1":{"name":"(anonymous_1)","decl":{"start":{"line":6,"column":21},"end":{"line":6,"column":24}},"loc":{"start":{"line":6,"column":26},"end":{"line":8,"column":3}}}},"branchMap":{"0":{"loc":{"start":{"line":10,"column":2},"end":{"line":12,"column":null}},"type":"if","locations":[{"start":{"line":10,"column":2},"end":{"line":12,"column":null}}]}},"s":{"0":1,"1":1,"2":5,"3":5,"4":0,"5":5,"6":0,"7":5,"8":1},"f":{"0":5,"1":0},"b":{"0":[0]}}
,"/Users/mykhailoyatsenko/rs-school/rs-school/src/components/Pagination.tsx": {"path":"/Users/mykhailoyatsenko/rs-school/rs-school/src/components/Pagination.tsx","statementMap":{"0":{"start":{"line":2,"column":0},"end":{"line":2,"column":58}},"1":{"start":{"line":8,"column":36},"end":{"line":39,"column":1}},"2":{"start":{"line":9,"column":38},"end":{"line":9,"column":58}},"3":{"start":{"line":10,"column":25},"end":{"line":10,"column":44}},"4":{"start":{"line":11,"column":35},"end":{"line":11,"column":37}},"5":{"start":{"line":12,"column":32},"end":{"line":13,"column":52}},"6":{"start":{"line":13,"column":4},"end":{"line":13,"column":52}},"7":{"start":{"line":14,"column":2},"end":{"line":16,"column":null}},"8":{"start":{"line":14,"column":15},"end":{"line":14,"column":29}},"9":{"start":{"line":15,"column":4},"end":{"line":15,"column":27}},"10":{"start":{"line":17,"column":2},"end":{"line":38,"column":4}},"11":{"start":{"line":20,"column":28},"end":{"line":20,"column":71}},"12":{"start":{"line":25,"column":10},"end":{"line":26,"column":null}},"13":{"start":{"line":27,"column":27},"end":{"line":27,"column":54}},"14":{"start":{"line":33,"column":28},"end":{"line":33,"column":71}},"15":{"start":{"line":41,"column":0},"end":{"line":41,"column":26}}},"fnMap":{"0":{"name":"(anonymous_0)","decl":{"start":{"line":8,"column":36},"end":{"line":8,"column":37}},"loc":{"start":{"line":8,"column":55},"end":{"line":39,"column":1}}},"1":{"name":"(anonymous_1)","decl":{"start":{"line":12,"column":32},"end":{"line":12,"column":35}},"loc":{"start":{"line":13,"column":4},"end":{"line":13,"column":52}}},"2":{"name":"(anonymous_2)","decl":{"start":{"line":20,"column":22},"end":{"line":20,"column":25}},"loc":{"start":{"line":20,"column":28},"end":{"line":20,"column":71}}},"3":{"name":"(anonymous_3)","decl":{"start":{"line":24,"column":28},"end":{"line":24,"column":29}},"loc":{"start":{"line":25,"column":10},"end":{"line":26,"column":null}}},"4":{"name":"(anonymous_4)","decl":{"start":{"line":27,"column":21},"end":{"line":27,"column":24}},"loc":{"start":{"line":27,"column":27},"end":{"line":27,"column":54}}},"5":{"name":"(anonymous_5)","decl":{"start":{"line":33,"column":22},"end":{"line":33,"column":25}},"loc":{"start":{"line":33,"column":28},"end":{"line":33,"column":71}}}},"branchMap":{"0":{"loc":{"start":{"line":13,"column":4},"end":{"line":13,"column":52}},"type":"cond-expr","locations":[{"start":{"line":13,"column":21},"end":{"line":13,"column":31}},{"start":{"line":13,"column":34},"end":{"line":13,"column":52}}]},"1":{"loc":{"start":{"line":28,"column":23},"end":{"line":28,"column":62}},"type":"cond-expr","locations":[{"start":{"line":28,"column":49},"end":{"line":28,"column":57}},{"start":{"line":28,"column":60},"end":{"line":28,"column":62}}]}},"s":{"0":1,"1":1,"2":3,"3":3,"4":3,"5":3,"6":21,"7":3,"8":3,"9":18,"10":3,"11":0,"12":18,"13":0,"14":0,"15":1},"f":{"0":3,"1":21,"2":0,"3":18,"4":0,"5":0},"b":{"0":[0,21],"1":[3,15]}}
,"/Users/mykhailoyatsenko/rs-school/rs-school/src/components/Search.tsx": {"path":"/Users/mykhailoyatsenko/rs-school/rs-school/src/components/Search.tsx","statementMap":{"0":{"start":{"line":2,"column":0},"end":{"line":2,"column":58}},"1":{"start":{"line":9,"column":32},"end":{"line":30,"column":1}},"2":{"start":{"line":10,"column":20},"end":{"line":10,"column":40}},"3":{"start":{"line":11,"column":2},"end":{"line":29,"column":4}},"4":{"start":{"line":20,"column":10},"end":{"line":20,"column":29}},"5":{"start":{"line":21,"column":31},"end":{"line":21,"column":79}},"6":{"start":{"line":22,"column":10},"end":{"line":22,"column":37}},"7":{"start":{"line":32,"column":0},"end":{"line":32,"column":22}}},"fnMap":{"0":{"name":"(anonymous_0)","decl":{"start":{"line":9,"column":32},"end":{"line":9,"column":33}},"loc":{"start":{"line":9,"column":54},"end":{"line":30,"column":1}}},"1":{"name":"(anonymous_1)","decl":{"start":{"line":19,"column":18},"end":{"line":19,"column":19}},"loc":{"start":{"line":19,"column":24},"end":{"line":23,"column":9}}}},"branchMap":{},"s":{"0":1,"1":1,"2":5,"3":5,"4":0,"5":0,"6":0,"7":1},"f":{"0":5,"1":0},"b":{}}
,"/Users/mykhailoyatsenko/rs-school/rs-school/src/components/SelectItemsPerPage.tsx": {"path":"/Users/mykhailoyatsenko/rs-school/rs-school/src/components/SelectItemsPerPage.tsx","statementMap":{"0":{"start":{"line":6,"column":27},"end":{"line":34,"column":1}},"1":{"start":{"line":7,"column":35},"end":{"line":7,"column":37}},"2":{"start":{"line":8,"column":34},"end":{"line":8,"column":36}},"3":{"start":{"line":9,"column":2},"end":{"line":11,"column":null}},"4":{"start":{"line":9,"column":15},"end":{"line":9,"column":16}},"5":{"start":{"line":10,"column":4},"end":{"line":10,"column":27}},"6":{"start":{"line":12,"column":2},"end":{"line":33,"column":4}},"7":{"start":{"line":18,"column":10},"end":{"line":18,"column":45}},"8":{"start":{"line":23,"column":10},"end":{"line":24,"column":null}},"9":{"start":{"line":36,"column":0},"end":{"line":36,"column":34}}},"fnMap":{"0":{"name":"(anonymous_0)","decl":{"start":{"line":6,"column":27},"end":{"line":6,"column":28}},"loc":{"start":{"line":6,"column":75},"end":{"line":34,"column":1}}},"1":{"name":"(anonymous_1)","decl":{"start":{"line":17,"column":18},"end":{"line":17,"column":19}},"loc":{"start":{"line":17,"column":24},"end":{"line":19,"column":9}}},"2":{"name":"(anonymous_2)","decl":{"start":{"line":22,"column":28},"end":{"line":22,"column":29}},"loc":{"start":{"line":23,"column":10},"end":{"line":24,"column":null}}}},"branchMap":{},"s":{"0":1,"1":5,"2":5,"3":5,"4":5,"5":50,"6":5,"7":1,"8":50,"9":1},"f":{"0":5,"1":1,"2":50},"b":{}}
,"/Users/mykhailoyatsenko/rs-school/rs-school/src/contatiners/ArtsLoader.tsx": {"path":"/Users/mykhailoyatsenko/rs-school/rs-school/src/contatiners/ArtsLoader.tsx","statementMap":{"0":{"start":{"line":1,"column":0},"end":{"line":1,"column":44}},"1":{"start":{"line":2,"column":0},"end":{"line":2,"column":42}},"2":{"start":{"line":3,"column":0},"end":{"line":3,"column":50}},"3":{"start":{"line":4,"column":0},"end":{"line":4,"column":50}},"4":{"start":{"line":5,"column":0},"end":{"line":5,"column":48}},"5":{"start":{"line":6,"column":0},"end":{"line":6,"column":66}},"6":{"start":{"line":7,"column":0},"end":{"line":7,"column":49}},"7":{"start":{"line":8,"column":0},"end":{"line":8,"column":52}},"8":{"start":{"line":9,"column":0},"end":{"line":9,"column":51}},"9":{"start":{"line":11,"column":0},"end":{"line":11,"column":54}},"10":{"start":{"line":26,"column":19},"end":{"line":143,"column":1}},"11":{"start":{"line":27,"column":42},"end":{"line":27,"column":59}},"12":{"start":{"line":28,"column":36},"end":{"line":28,"column":51}},"13":{"start":{"line":29,"column":28},"end":{"line":29,"column":73}},"14":{"start":{"line":30,"column":26},"end":{"line":30,"column":44}},"15":{"start":{"line":31,"column":38},"end":{"line":31,"column":49}},"16":{"start":{"line":32,"column":40},"end":{"line":33,"column":null}},"17":{"start":{"line":35,"column":44},"end":{"line":35,"column":56}},"18":{"start":{"line":36,"column":36},"end":{"line":36,"column":72}},"19":{"start":{"line":37,"column":42},"end":{"line":37,"column":53}},"20":{"start":{"line":39,"column":2},"end":{"line":62,"column":41}},"21":{"start":{"line":40,"column":22},"end":{"line":59,"column":5}},"22":{"start":{"line":41,"column":6},"end":{"line":41,"column":25}},"23":{"start":{"line":43,"column":18},"end":{"line":43,"column":157}},"24":{"start":{"line":44,"column":23},"end":{"line":44,"column":39}},"25":{"start":{"line":45,"column":23},"end":{"line":45,"column":44}},"26":{"start":{"line":47,"column":6},"end":{"line":57,"column":null}},"27":{"start":{"line":48,"column":8},"end":{"line":48,"column":31}},"28":{"start":{"line":49,"column":8},"end":{"line":49,"column":55}},"29":{"start":{"line":50,"column":8},"end":{"line":54,"column":null}},"30":{"start":{"line":51,"column":10},"end":{"line":53,"column":12}},"31":{"start":{"line":56,"column":8},"end":{"line":56,"column":20}},"32":{"start":{"line":58,"column":6},"end":{"line":58,"column":26}},"33":{"start":{"line":61,"column":4},"end":{"line":61,"column":16}},"34":{"start":{"line":64,"column":2},"end":{"line":79,"column":28}},"35":{"start":{"line":65,"column":31},"end":{"line":71,"column":5}},"36":{"start":{"line":66,"column":18},"end":{"line":66,"column":127}},"37":{"start":{"line":67,"column":23},"end":{"line":67,"column":39}},"38":{"start":{"line":68,"column":28},"end":{"line":68,"column":49}},"39":{"start":{"line":70,"column":6},"end":{"line":70,"column":39}},"40":{"start":{"line":72,"column":4},"end":{"line":78,"column":null}},"41":{"start":{"line":73,"column":6},"end":{"line":73,"column":27}},"42":{"start":{"line":74,"column":6},"end":{"line":77,"column":9}},"43":{"start":{"line":81,"column":24},"end":{"line":84,"column":3}},"44":{"start":{"line":82,"column":4},"end":{"line":82,"column":26}},"45":{"start":{"line":83,"column":4},"end":{"line":83,"column":47}},"46":{"start":{"line":86,"column":21},"end":{"line":89,"column":3}},"47":{"start":{"line":87,"column":4},"end":{"line":87,"column":25}},"48":{"start":{"line":88,"column":4},"end":{"line":88,"column":47}},"49":{"start":{"line":91,"column":29},"end":{"line":95,"column":3}},"50":{"start":{"line":92,"column":4},"end":{"line":92,"column":34}},"51":{"start":{"line":93,"column":4},"end":{"line":93,"column":64}},"52":{"start":{"line":94,"column":4},"end":{"line":94,"column":25}},"53":{"start":{"line":97,"column":29},"end":{"line":101,"column":3}},"54":{"start":{"line":98,"column":4},"end":{"line":98,"column":24}},"55":{"start":{"line":99,"column":4},"end":{"line":99,"column":24}},"56":{"start":{"line":100,"column":4},"end":{"line":100,"column":42}},"57":{"start":{"line":103,"column":27},"end":{"line":105,"column":3}},"58":{"start":{"line":104,"column":4},"end":{"line":104,"column":24}},"59":{"start":{"line":106,"column":2},"end":{"line":142,"column":4}},"60":{"start":{"line":145,"column":0},"end":{"line":145,"column":26}}},"fnMap":{"0":{"name":"(anonymous_1)","decl":{"start":{"line":26,"column":19},"end":{"line":26,"column":22}},"loc":{"start":{"line":26,"column":24},"end":{"line":143,"column":1}}},"1":{"name":"(anonymous_2)","decl":{"start":{"line":39,"column":12},"end":{"line":39,"column":15}},"loc":{"start":{"line":39,"column":17},"end":{"line":62,"column":3}}},"2":{"name":"(anonymous_3)","decl":{"start":{"line":40,"column":22},"end":{"line":40,"column":27}},"loc":{"start":{"line":40,"column":33},"end":{"line":59,"column":5}}},"3":{"name":"(anonymous_4)","decl":{"start":{"line":64,"column":12},"end":{"line":64,"column":15}},"loc":{"start":{"line":64,"column":17},"end":{"line":79,"column":3}}},"4":{"name":"(anonymous_5)","decl":{"start":{"line":65,"column":31},"end":{"line":65,"column":36}},"loc":{"start":{"line":65,"column":42},"end":{"line":71,"column":5}}},"5":{"name":"(anonymous_6)","decl":{"start":{"line":81,"column":24},"end":{"line":81,"column":25}},"loc":{"start":{"line":81,"column":48},"end":{"line":84,"column":3}}},"6":{"name":"(anonymous_7)","decl":{"start":{"line":86,"column":21},"end":{"line":86,"column":22}},"loc":{"start":{"line":86,"column":38},"end":{"line":89,"column":3}}},"7":{"name":"(anonymous_8)","decl":{"start":{"line":91,"column":29},"end":{"line":91,"column":30}},"loc":{"start":{"line":91,"column":59},"end":{"line":95,"column":3}}},"8":{"name":"(anonymous_9)","decl":{"start":{"line":97,"column":29},"end":{"line":97,"column":30}},"loc":{"start":{"line":97,"column":54},"end":{"line":101,"column":3}}},"9":{"name":"(anonymous_10)","decl":{"start":{"line":103,"column":27},"end":{"line":103,"column":30}},"loc":{"start":{"line":103,"column":32},"end":{"line":105,"column":3}}}},"branchMap":{"0":{"loc":{"start":{"line":29,"column":37},"end":{"line":29,"column":72}},"type":"binary-expr","locations":[{"start":{"line":29,"column":37},"end":{"line":29,"column":66}},{"start":{"line":29,"column":70},"end":{"line":29,"column":72}}]},"1":{"loc":{"start":{"line":33,"column":4},"end":{"line":33,"column":62}},"type":"cond-expr","locations":[{"start":{"line":33,"column":31},"end":{"line":33,"column":56}},{"start":{"line":33,"column":59},"end":{"line":33,"column":62}}]},"2":{"loc":{"start":{"line":47,"column":6},"end":{"line":57,"column":null}},"type":"if","locations":[{"start":{"line":47,"column":6},"end":{"line":57,"column":null}},{"start":{"line":55,"column":13},"end":{"line":57,"column":null}}]},"3":{"loc":{"start":{"line":50,"column":8},"end":{"line":54,"column":null}},"type":"if","locations":[{"start":{"line":50,"column":8},"end":{"line":54,"column":null}}]},"4":{"loc":{"start":{"line":72,"column":4},"end":{"line":78,"column":null}},"type":"if","locations":[{"start":{"line":72,"column":4},"end":{"line":78,"column":null}}]},"5":{"loc":{"start":{"line":93,"column":28},"end":{"line":93,"column":44}},"type":"binary-expr","locations":[{"start":{"line":93,"column":28},"end":{"line":93,"column":39}},{"start":{"line":93,"column":43},"end":{"line":93,"column":44}}]},"6":{"loc":{"start":{"line":128,"column":15},"end":{"line":133,"column":22}},"type":"cond-expr","locations":[{"start":{"line":129,"column":16},"end":{"line":131,"column":null}},{"start":{"line":133,"column":18},"end":{"line":133,"column":22}}]},"7":{"loc":{"start":{"line":137,"column":9},"end":{"line":137,"column":67}},"type":"cond-expr","locations":[{"start":{"line":137,"column":22},"end":{"line":137,"column":60}},{"start":{"line":137,"column":63},"end":{"line":137,"column":67}}]}},"s":{"0":1,"1":1,"2":1,"3":1,"4":1,"5":1,"6":1,"7":1,"8":1,"9":1,"10":1,"11":6,"12":5,"13":5,"14":5,"15":5,"16":5,"17":5,"18":5,"19":5,"20":5,"21":2,"22":2,"23":2,"24":2,"25":2,"26":2,"27":2,"28":2,"29":2,"30":0,"31":0,"32":2,"33":2,"34":5,"35":2,"36":0,"37":0,"38":0,"39":0,"40":2,"41":0,"42":0,"43":5,"44":0,"45":0,"46":5,"47":0,"48":0,"49":5,"50":0,"51":0,"52":0,"53":5,"54":1,"55":1,"56":1,"57":5,"58":0,"59":5,"60":1},"f":{"0":6,"1":2,"2":2,"3":2,"4":0,"5":0,"6":0,"7":0,"8":1,"9":0},"b":{"0":[5,5],"1":[0,5],"2":[2,0],"3":[0],"4":[0],"5":[0,0],"6":[0,5],"7":[3,2]}}
,"/Users/mykhailoyatsenko/rs-school/rs-school/src/providers/context.ts": {"path":"/Users/mykhailoyatsenko/rs-school/rs-school/src/providers/context.ts","statementMap":{"0":{"start":{"line":1,"column":0},"end":{"line":1,"column":50}},"1":{"start":{"line":5,"column":13},"end":{"line":14,"column":13}},"2":{"start":{"line":17,"column":18},"end":{"line":17,"column":44}},"3":{"start":{"line":18,"column":2},"end":{"line":20,"column":null}},"4":{"start":{"line":19,"column":4},"end":{"line":19,"column":44}},"5":{"start":{"line":22,"column":2},"end":{"line":22,"column":17}},"6":{"start":{"line":16,"column":0},"end":{"line":16,"column":16}}},"fnMap":{"0":{"name":"useArtDatarContext","decl":{"start":{"line":16,"column":16},"end":{"line":16,"column":34}},"loc":{"start":{"line":16,"column":34},"end":{"line":23,"column":1}}}},"branchMap":{"0":{"loc":{"start":{"line":18,"column":2},"end":{"line":20,"column":null}},"type":"if","locations":[{"start":{"line":18,"column":2},"end":{"line":20,"column":null}}]}},"s":{"0":1,"1":1,"2":13,"3":13,"4":0,"5":13,"6":1},"f":{"0":13},"b":{"0":[0]}}
}
