TN:
SF:src/components/ItemArtPage.tsx
FN:7,(anonymous_0)
FNF:1
FNH:0
FNDA:0,(anonymous_0)
DA:1,1
DA:7,1
DA:8,0
DA:9,0
DA:28,1
LF:5
LH:3
BRDA:9,0,0,0
BRDA:9,0,1,0
BRF:2
BRH:0
end_of_record
TN:
SF:src/components/ListOfArts.tsx
FN:13,(anonymous_0)
FN:34,(anonymous_1)
FN:36,(anonymous_2)
FNF:3
FNH:2
FNDA:5,(anonymous_0)
FNDA:10,(anonymous_1)
FNDA:0,(anonymous_2)
DA:3,1
DA:4,1
DA:5,1
DA:13,1
DA:19,5
DA:20,5
DA:21,5
DA:35,10
DA:36,0
DA:59,1
LF:10
LH:9
BRDA:23,0,0,2
BRDA:23,0,1,3
BRDA:25,1,0,2
BRDA:25,1,1,1
BRDA:28,2,0,0
BRDA:28,2,1,2
BRF:6
BRH:5
end_of_record
TN:
SF:src/components/MakeError.tsx
FN:3,(anonymous_0)
FN:6,(anonymous_1)
FNF:2
FNH:1
FNDA:5,(anonymous_0)
FNDA:0,(anonymous_1)
DA:1,1
DA:3,1
DA:4,5
DA:6,5
DA:7,0
DA:10,5
DA:11,0
DA:14,5
DA:21,1
LF:9
LH:7
BRDA:10,0,0,0
BRF:1
BRH:0
end_of_record
TN:
SF:src/components/Pagination.tsx
FN:8,(anonymous_0)
FN:12,(anonymous_1)
FN:20,(anonymous_2)
FN:24,(anonymous_3)
FN:27,(anonymous_4)
FN:33,(anonymous_5)
FNF:6
FNH:3
FNDA:3,(anonymous_0)
FNDA:21,(anonymous_1)
FNDA:0,(anonymous_2)
FNDA:18,(anonymous_3)
FNDA:0,(anonymous_4)
FNDA:0,(anonymous_5)
DA:2,1
DA:8,1
DA:9,3
DA:10,3
DA:11,3
DA:12,3
DA:13,21
DA:14,3
DA:15,18
DA:17,3
DA:20,0
DA:25,18
DA:27,0
DA:33,0
DA:41,1
LF:15
LH:12
BRDA:13,0,0,0
BRDA:13,0,1,21
BRDA:28,1,0,3
BRDA:28,1,1,15
BRF:4
BRH:3
end_of_record
TN:
SF:src/components/Search.tsx
FN:9,(anonymous_0)
FN:19,(anonymous_1)
FNF:2
FNH:1
FNDA:5,(anonymous_0)
FNDA:0,(anonymous_1)
DA:2,1
DA:9,1
DA:10,5
DA:11,5
DA:20,0
DA:21,0
DA:22,0
DA:32,1
LF:8
LH:5
BRF:0
BRH:0
end_of_record
TN:
SF:src/components/SelectItemsPerPage.tsx
FN:6,(anonymous_0)
FN:17,(anonymous_1)
FN:22,(anonymous_2)
FNF:3
FNH:3
FNDA:5,(anonymous_0)
FNDA:1,(anonymous_1)
FNDA:50,(anonymous_2)
DA:6,1
DA:7,5
DA:8,5
DA:9,5
DA:10,50
DA:12,5
DA:18,1
DA:23,50
DA:36,1
LF:9
LH:9
BRF:0
BRH:0
end_of_record
TN:
SF:src/contatiners/ArtsLoader.tsx
FN:26,(anonymous_1)
FN:39,(anonymous_2)
FN:40,(anonymous_3)
FN:64,(anonymous_4)
FN:65,(anonymous_5)
FN:81,(anonymous_6)
FN:86,(anonymous_7)
FN:91,(anonymous_8)
FN:97,(anonymous_9)
FN:103,(anonymous_10)
FNF:10
FNH:5
FNDA:6,(anonymous_1)
FNDA:2,(anonymous_2)
FNDA:2,(anonymous_3)
FNDA:2,(anonymous_4)
FNDA:0,(anonymous_5)
FNDA:0,(anonymous_6)
FNDA:0,(anonymous_7)
FNDA:0,(anonymous_8)
FNDA:1,(anonymous_9)
FNDA:0,(anonymous_10)
DA:1,1
DA:2,1
DA:3,1
DA:4,1
DA:5,1
DA:6,1
DA:7,1
DA:8,1
DA:9,1
DA:11,1
DA:26,1
DA:27,6
DA:28,5
DA:29,5
DA:30,5
DA:31,5
DA:32,5
DA:35,5
DA:36,5
DA:37,5
DA:39,5
DA:40,2
DA:41,2
DA:43,2
DA:44,2
DA:45,2
DA:47,2
DA:48,2
DA:49,2
DA:50,2
DA:51,0
DA:56,0
DA:58,2
DA:61,2
DA:64,5
DA:65,2
DA:66,0
DA:67,0
DA:68,0
DA:70,0
DA:72,2
DA:73,0
DA:74,0
DA:81,5
DA:82,0
DA:83,0
DA:86,5
DA:87,0
DA:88,0
DA:91,5
DA:92,0
DA:93,0
DA:94,0
DA:97,5
DA:98,1
DA:99,1
DA:100,1
DA:103,5
DA:104,0
DA:106,5
DA:145,1
LF:61
LH:45
BRDA:29,0,0,5
BRDA:29,0,1,5
BRDA:33,1,0,0
BRDA:33,1,1,5
BRDA:47,2,0,2
BRDA:47,2,1,0
BRDA:50,3,0,0
BRDA:72,4,0,0
BRDA:93,5,0,0
BRDA:93,5,1,0
BRDA:128,6,0,0
BRDA:128,6,1,5
BRDA:137,7,0,3
BRDA:137,7,1,2
BRF:14
BRH:7
end_of_record
TN:
SF:src/providers/context.ts
FN:16,useArtDatarContext
FNF:1
FNH:1
FNDA:13,useArtDatarContext
DA:1,1
DA:5,1
DA:16,1
DA:17,13
DA:18,13
DA:19,0
DA:22,13
LF:7
LH:6
BRDA:18,0,0,0
BRF:1
BRH:0
end_of_record
